<?xml version="1.0" encoding="UTF-8"?>
<!-- Generated by org.testng.reporters.JUnitXMLReporter -->
<testsuite ignored="1" hostname="LAPTOP-7Q1JLJEE" failures="0" tests="1" name="Default test" time="90.54" errors="0" timestamp="2023-05-09T16:36:08 IST">
  <testcase classname="Test_Case.CentreCounty_Test_Case" name="verifyDiscoverBrightSection" time="74.515"/>
  <testcase classname="Test_Case.CentreCounty_Test_Case" name="verifyHeroSection" time="0.0">
    <ignored/>
  </testcase> <!-- verifyHeroSection -->
</testsuite> <!-- Default test -->
