<?xml version="1.0" encoding="UTF-8"?>
<!-- Generated by org.testng.reporters.JUnitXMLReporter -->
<testsuite ignored="1" hostname="LAPTOP-7Q1JLJEE" failures="0" tests="1" name="Default test" time="126.784" errors="0" timestamp="2023-05-02T17:59:09 IST">
  <testcase classname="Test_Case.ProductivityView_Test_Case_Implementation" name="verifyPreviousYearListingData" time="107.031"/>
  <testcase classname="Test_Case.ProductivityView_Test_Case_Implementation" name="verifyGoals" time="0.0">
    <ignored/>
  </testcase> <!-- verifyGoals -->
</testsuite> <!-- Default test -->
